{"E:\\AegisAI\\Backend\\src\\Controllers\\voice.controller.js": {"path":"E:\\AegisAI\\Backend\\src\\Controllers\\voice.controller.js","statementMap":{"0":{"start":{"line":1,"column":15},"end":{"line":1,"column":46}},"1":{"start":{"line":2,"column":15},"end":{"line":2,"column":32}},"2":{"start":{"line":5,"column":16},"end":{"line":5,"column":38}},"3":{"start":{"line":6,"column":15},"end":{"line":30,"column":18}},"4":{"start":{"line":13,"column":25},"end":{"line":22,"column":5}},"5":{"start":{"line":24,"column":4},"end":{"line":28,"column":5}},"6":{"start":{"line":25,"column":6},"end":{"line":25,"column":21}},"7":{"start":{"line":27,"column":6},"end":{"line":27,"column":72}},"8":{"start":{"line":33,"column":15},"end":{"line":36,"column":2}},"9":{"start":{"line":42,"column":24},"end":{"line":186,"column":1}},"10":{"start":{"line":43,"column":2},"end":{"line":185,"column":3}},"11":{"start":{"line":45,"column":4},"end":{"line":177,"column":7}},"12":{"start":{"line":46,"column":6},"end":{"line":58,"column":7}},"13":{"start":{"line":47,"column":8},"end":{"line":51,"column":11}},"14":{"start":{"line":52,"column":13},"end":{"line":58,"column":7}},"15":{"start":{"line":53,"column":8},"end":{"line":57,"column":11}},"16":{"start":{"line":61,"column":6},"end":{"line":67,"column":7}},"17":{"start":{"line":62,"column":8},"end":{"line":66,"column":11}},"18":{"start":{"line":69,"column":6},"end":{"line":176,"column":7}},"19":{"start":{"line":71,"column":27},"end":{"line":71,"column":61}},"20":{"start":{"line":74,"column":23},"end":{"line":74,"column":33}},"21":{"start":{"line":75,"column":25},"end":{"line":75,"column":48}},"22":{"start":{"line":77,"column":8},"end":{"line":90,"column":9}},"23":{"start":{"line":82,"column":10},"end":{"line":82,"column":27}},"24":{"start":{"line":83,"column":15},"end":{"line":90,"column":9}},"25":{"start":{"line":84,"column":10},"end":{"line":84,"column":28}},"26":{"start":{"line":85,"column":15},"end":{"line":90,"column":9}},"27":{"start":{"line":87,"column":10},"end":{"line":87,"column":32}},"28":{"start":{"line":88,"column":15},"end":{"line":90,"column":9}},"29":{"start":{"line":89,"column":10},"end":{"line":89,"column":32}},"30":{"start":{"line":93,"column":22},"end":{"line":95,"column":9}},"31":{"start":{"line":98,"column":29},"end":{"line":98,"column":61}},"32":{"start":{"line":102,"column":10},"end":{"line":104,"column":23}},"33":{"start":{"line":105,"column":23},"end":{"line":114,"column":9}},"34":{"start":{"line":116,"column":24},"end":{"line":119,"column":9}},"35":{"start":{"line":122,"column":27},"end":{"line":122,"column":58}},"36":{"start":{"line":124,"column":8},"end":{"line":131,"column":9}},"37":{"start":{"line":125,"column":10},"end":{"line":130,"column":13}},"38":{"start":{"line":135,"column":30},"end":{"line":141,"column":21}},"39":{"start":{"line":137,"column":24},"end":{"line":137,"column":69}},"40":{"start":{"line":138,"column":12},"end":{"line":138,"column":63}},"41":{"start":{"line":144,"column":33},"end":{"line":151,"column":36}},"42":{"start":{"line":146,"column":24},"end":{"line":146,"column":69}},"43":{"start":{"line":147,"column":12},"end":{"line":149,"column":21}},"44":{"start":{"line":151,"column":25},"end":{"line":151,"column":35}},"45":{"start":{"line":153,"column":10},"end":{"line":156,"column":15}},"46":{"start":{"line":154,"column":48},"end":{"line":154,"column":53}},"47":{"start":{"line":158,"column":8},"end":{"line":168,"column":11}},"48":{"start":{"line":170,"column":8},"end":{"line":170,"column":66}},"49":{"start":{"line":171,"column":8},"end":{"line":175,"column":11}},"50":{"start":{"line":179,"column":4},"end":{"line":179,"column":54}},"51":{"start":{"line":180,"column":4},"end":{"line":184,"column":7}},"52":{"start":{"line":188,"column":0},"end":{"line":190,"column":2}}},"fnMap":{"0":{"name":"(anonymous_0)","decl":{"start":{"line":11,"column":14},"end":{"line":11,"column":15}},"loc":{"start":{"line":11,"column":33},"end":{"line":29,"column":3}},"line":11},"1":{"name":"(anonymous_1)","decl":{"start":{"line":42,"column":24},"end":{"line":42,"column":25}},"loc":{"start":{"line":42,"column":44},"end":{"line":186,"column":1}},"line":42},"2":{"name":"(anonymous_2)","decl":{"start":{"line":45,"column":21},"end":{"line":45,"column":22}},"loc":{"start":{"line":45,"column":36},"end":{"line":177,"column":5}},"line":45},"3":{"name":"(anonymous_3)","decl":{"start":{"line":136,"column":15},"end":{"line":136,"column":16}},"loc":{"start":{"line":136,"column":27},"end":{"line":139,"column":11}},"line":136},"4":{"name":"(anonymous_4)","decl":{"start":{"line":145,"column":15},"end":{"line":145,"column":16}},"loc":{"start":{"line":145,"column":27},"end":{"line":150,"column":11}},"line":145},"5":{"name":"(anonymous_5)","decl":{"start":{"line":151,"column":18},"end":{"line":151,"column":19}},"loc":{"start":{"line":151,"column":25},"end":{"line":151,"column":35}},"line":151},"6":{"name":"(anonymous_6)","decl":{"start":{"line":154,"column":38},"end":{"line":154,"column":39}},"loc":{"start":{"line":154,"column":48},"end":{"line":154,"column":53}},"line":154}},"branchMap":{"0":{"loc":{"start":{"line":24,"column":4},"end":{"line":28,"column":5}},"type":"if","locations":[{"start":{"line":24,"column":4},"end":{"line":28,"column":5}},{"start":{"line":26,"column":11},"end":{"line":28,"column":5}}],"line":24},"1":{"loc":{"start":{"line":34,"column":15},"end":{"line":34,"column":69}},"type":"binary-expr","locations":[{"start":{"line":34,"column":15},"end":{"line":34,"column":56}},{"start":{"line":34,"column":60},"end":{"line":34,"column":69}}],"line":34},"2":{"loc":{"start":{"line":46,"column":6},"end":{"line":58,"column":7}},"type":"if","locations":[{"start":{"line":46,"column":6},"end":{"line":58,"column":7}},{"start":{"line":52,"column":13},"end":{"line":58,"column":7}}],"line":46},"3":{"loc":{"start":{"line":52,"column":13},"end":{"line":58,"column":7}},"type":"if","locations":[{"start":{"line":52,"column":13},"end":{"line":58,"column":7}},{"start":{},"end":{}}],"line":52},"4":{"loc":{"start":{"line":61,"column":6},"end":{"line":67,"column":7}},"type":"if","locations":[{"start":{"line":61,"column":6},"end":{"line":67,"column":7}},{"start":{},"end":{}}],"line":61},"5":{"loc":{"start":{"line":75,"column":25},"end":{"line":75,"column":48}},"type":"binary-expr","locations":[{"start":{"line":75,"column":25},"end":{"line":75,"column":42}},{"start":{"line":75,"column":46},"end":{"line":75,"column":48}}],"line":75},"6":{"loc":{"start":{"line":77,"column":8},"end":{"line":90,"column":9}},"type":"if","locations":[{"start":{"line":77,"column":8},"end":{"line":90,"column":9}},{"start":{"line":83,"column":15},"end":{"line":90,"column":9}}],"line":77},"7":{"loc":{"start":{"line":78,"column":10},"end":{"line":80,"column":35}},"type":"binary-expr","locations":[{"start":{"line":78,"column":10},"end":{"line":78,"column":34}},{"start":{"line":79,"column":10},"end":{"line":79,"column":35}},{"start":{"line":80,"column":10},"end":{"line":80,"column":35}}],"line":78},"8":{"loc":{"start":{"line":83,"column":15},"end":{"line":90,"column":9}},"type":"if","locations":[{"start":{"line":83,"column":15},"end":{"line":90,"column":9}},{"start":{"line":85,"column":15},"end":{"line":90,"column":9}}],"line":83},"9":{"loc":{"start":{"line":85,"column":15},"end":{"line":90,"column":9}},"type":"if","locations":[{"start":{"line":85,"column":15},"end":{"line":90,"column":9}},{"start":{"line":88,"column":15},"end":{"line":90,"column":9}}],"line":85},"10":{"loc":{"start":{"line":85,"column":19},"end":{"line":85,"column":72}},"type":"binary-expr","locations":[{"start":{"line":85,"column":19},"end":{"line":85,"column":44}},{"start":{"line":85,"column":48},"end":{"line":85,"column":72}}],"line":85},"11":{"loc":{"start":{"line":88,"column":15},"end":{"line":90,"column":9}},"type":"if","locations":[{"start":{"line":88,"column":15},"end":{"line":90,"column":9}},{"start":{},"end":{}}],"line":88},"12":{"loc":{"start":{"line":88,"column":19},"end":{"line":88,"column":72}},"type":"binary-expr","locations":[{"start":{"line":88,"column":19},"end":{"line":88,"column":43}},{"start":{"line":88,"column":47},"end":{"line":88,"column":72}}],"line":88},"13":{"loc":{"start":{"line":98,"column":29},"end":{"line":98,"column":61}},"type":"binary-expr","locations":[{"start":{"line":98,"column":29},"end":{"line":98,"column":50}},{"start":{"line":98,"column":54},"end":{"line":98,"column":61}}],"line":98},"14":{"loc":{"start":{"line":102,"column":10},"end":{"line":104,"column":23}},"type":"cond-expr","locations":[{"start":{"line":103,"column":14},"end":{"line":103,"column":47}},{"start":{"line":104,"column":14},"end":{"line":104,"column":23}}],"line":102},"15":{"loc":{"start":{"line":102,"column":10},"end":{"line":102,"column":41}},"type":"binary-expr","locations":[{"start":{"line":102,"column":10},"end":{"line":102,"column":18}},{"start":{"line":102,"column":22},"end":{"line":102,"column":41}}],"line":102},"16":{"loc":{"start":{"line":108,"column":14},"end":{"line":110,"column":16}},"type":"cond-expr","locations":[{"start":{"line":109,"column":14},"end":{"line":109,"column":51}},{"start":{"line":110,"column":14},"end":{"line":110,"column":16}}],"line":108},"17":{"loc":{"start":{"line":124,"column":8},"end":{"line":131,"column":9}},"type":"if","locations":[{"start":{"line":124,"column":8},"end":{"line":131,"column":9}},{"start":{},"end":{}}],"line":124},"18":{"loc":{"start":{"line":124,"column":12},"end":{"line":124,"column":62}},"type":"binary-expr","locations":[{"start":{"line":124,"column":12},"end":{"line":124,"column":29}},{"start":{"line":124,"column":33},"end":{"line":124,"column":62}}],"line":124},"19":{"loc":{"start":{"line":137,"column":24},"end":{"line":137,"column":69}},"type":"binary-expr","locations":[{"start":{"line":137,"column":24},"end":{"line":137,"column":43}},{"start":{"line":137,"column":47},"end":{"line":137,"column":69}}],"line":137},"20":{"loc":{"start":{"line":138,"column":19},"end":{"line":138,"column":62}},"type":"cond-expr","locations":[{"start":{"line":138,"column":43},"end":{"line":138,"column":57}},{"start":{"line":138,"column":60},"end":{"line":138,"column":62}}],"line":138},"21":{"loc":{"start":{"line":138,"column":19},"end":{"line":138,"column":40}},"type":"binary-expr","locations":[{"start":{"line":138,"column":19},"end":{"line":138,"column":22}},{"start":{"line":138,"column":26},"end":{"line":138,"column":40}}],"line":138},"22":{"loc":{"start":{"line":146,"column":24},"end":{"line":146,"column":69}},"type":"binary-expr","locations":[{"start":{"line":146,"column":24},"end":{"line":146,"column":43}},{"start":{"line":146,"column":47},"end":{"line":146,"column":69}}],"line":146},"23":{"loc":{"start":{"line":147,"column":19},"end":{"line":149,"column":20}},"type":"cond-expr","locations":[{"start":{"line":148,"column":16},"end":{"line":148,"column":30}},{"start":{"line":149,"column":16},"end":{"line":149,"column":20}}],"line":147},"24":{"loc":{"start":{"line":147,"column":27},"end":{"line":147,"column":48}},"type":"binary-expr","locations":[{"start":{"line":147,"column":27},"end":{"line":147,"column":30}},{"start":{"line":147,"column":34},"end":{"line":147,"column":48}}],"line":147},"25":{"loc":{"start":{"line":153,"column":10},"end":{"line":156,"column":15}},"type":"cond-expr","locations":[{"start":{"line":154,"column":14},"end":{"line":155,"column":37}},{"start":{"line":156,"column":14},"end":{"line":156,"column":15}}],"line":153},"26":{"loc":{"start":{"line":174,"column":19},"end":{"line":174,"column":77}},"type":"binary-expr","locations":[{"start":{"line":174,"column":19},"end":{"line":174,"column":45}},{"start":{"line":174,"column":49},"end":{"line":174,"column":77}}],"line":174},"27":{"loc":{"start":{"line":183,"column":15},"end":{"line":183,"column":62}},"type":"binary-expr","locations":[{"start":{"line":183,"column":15},"end":{"line":183,"column":28}},{"start":{"line":183,"column":32},"end":{"line":183,"column":62}}],"line":183}},"s":{"0":1,"1":1,"2":1,"3":1,"4":17,"5":17,"6":16,"7":1,"8":1,"9":1,"10":18,"11":18,"12":18,"13":1,"14":17,"15":1,"16":16,"17":1,"18":15,"19":15,"20":15,"21":15,"22":15,"23":1,"24":14,"25":1,"26":13,"27":1,"28":12,"29":12,"30":15,"31":15,"32":15,"33":15,"34":15,"35":15,"36":14,"37":1,"38":13,"39":16,"40":16,"41":13,"42":16,"43":16,"44":16,"45":13,"46":13,"47":13,"48":1,"49":1,"50":0,"51":0,"52":1},"f":{"0":17,"1":18,"2":18,"3":16,"4":16,"5":16,"6":13},"b":{"0":[16,1],"1":[1,1],"2":[1,17],"3":[1,16],"4":[1,15],"5":[15,0],"6":[1,14],"7":[15,15,14],"8":[1,13],"9":[1,12],"10":[13,13],"11":[12,0],"12":[12,0],"13":[15,13],"14":[2,13],"15":[15,15],"16":[2,13],"17":[1,13],"18":[14,14],"19":[16,15],"20":[14,2],"21":[16,14],"22":[16,15],"23":[13,3],"24":[16,14],"25":[12,1],"26":[1,0],"27":[0,0]},"_coverageSchema":"1a1c01bbd47fc00a2c39e90264f33305004495a9","hash":"f1c28f615bbe5d947bf939b8eaf38aa359cc3802"}
,"E:\\AegisAI\\Backend\\src\\Routes\\voice.route.js": {"path":"E:\\AegisAI\\Backend\\src\\Routes\\voice.route.js","statementMap":{"0":{"start":{"line":1,"column":16},"end":{"line":1,"column":34}},"1":{"start":{"line":2,"column":15},"end":{"line":2,"column":31}},"2":{"start":{"line":3,"column":28},"end":{"line":3,"column":70}},"3":{"start":{"line":6,"column":0},"end":{"line":6,"column":44}},"4":{"start":{"line":8,"column":0},"end":{"line":8,"column":24}}},"fnMap":{},"branchMap":{},"s":{"0":1,"1":1,"2":1,"3":1,"4":1},"f":{},"b":{},"_coverageSchema":"1a1c01bbd47fc00a2c39e90264f33305004495a9","hash":"39dc6cecd3393f72e138fe81a4c3b84742663a42"}
}
