TN:
SF:src\Controllers\voice.controller.js
FN:11,(anonymous_0)
FN:42,(anonymous_1)
FN:45,(anonymous_2)
FN:136,(anonymous_3)
FN:145,(anonymous_4)
FN:151,(anonymous_5)
FN:154,(anonymous_6)
FNF:7
FNH:7
FNDA:17,(anonymous_0)
FNDA:18,(anonymous_1)
FNDA:18,(anonymous_2)
FNDA:16,(anonymous_3)
FNDA:16,(anonymous_4)
FNDA:16,(anonymous_5)
FNDA:13,(anonymous_6)
DA:1,1
DA:2,1
DA:5,1
DA:6,1
DA:13,17
DA:24,17
DA:25,16
DA:27,1
DA:33,1
DA:42,1
DA:43,18
DA:45,18
DA:46,18
DA:47,1
DA:52,17
DA:53,1
DA:61,16
DA:62,1
DA:69,15
DA:71,15
DA:74,15
DA:75,15
DA:77,15
DA:82,1
DA:83,14
DA:84,1
DA:85,13
DA:87,1
DA:88,12
DA:89,12
DA:93,15
DA:98,15
DA:102,15
DA:105,15
DA:116,15
DA:122,15
DA:124,14
DA:125,1
DA:135,13
DA:137,16
DA:138,16
DA:144,13
DA:146,16
DA:147,16
DA:151,16
DA:153,13
DA:154,13
DA:158,13
DA:170,1
DA:171,1
DA:179,0
DA:180,0
DA:188,1
LF:53
LH:51
BRDA:24,0,0,16
BRDA:24,0,1,1
BRDA:34,1,0,1
BRDA:34,1,1,1
BRDA:46,2,0,1
BRDA:46,2,1,17
BRDA:52,3,0,1
BRDA:52,3,1,16
BRDA:61,4,0,1
BRDA:61,4,1,15
BRDA:75,5,0,15
BRDA:75,5,1,0
BRDA:77,6,0,1
BRDA:77,6,1,14
BRDA:78,7,0,15
BRDA:78,7,1,15
BRDA:78,7,2,14
BRDA:83,8,0,1
BRDA:83,8,1,13
BRDA:85,9,0,1
BRDA:85,9,1,12
BRDA:85,10,0,13
BRDA:85,10,1,13
BRDA:88,11,0,12
BRDA:88,11,1,0
BRDA:88,12,0,12
BRDA:88,12,1,0
BRDA:98,13,0,15
BRDA:98,13,1,13
BRDA:102,14,0,2
BRDA:102,14,1,13
BRDA:102,15,0,15
BRDA:102,15,1,15
BRDA:108,16,0,2
BRDA:108,16,1,13
BRDA:124,17,0,1
BRDA:124,17,1,13
BRDA:124,18,0,14
BRDA:124,18,1,14
BRDA:137,19,0,16
BRDA:137,19,1,15
BRDA:138,20,0,14
BRDA:138,20,1,2
BRDA:138,21,0,16
BRDA:138,21,1,14
BRDA:146,22,0,16
BRDA:146,22,1,15
BRDA:147,23,0,13
BRDA:147,23,1,3
BRDA:147,24,0,16
BRDA:147,24,1,14
BRDA:153,25,0,12
BRDA:153,25,1,1
BRDA:174,26,0,1
BRDA:174,26,1,0
BRDA:183,27,0,0
BRDA:183,27,1,0
BRF:57
BRH:51
end_of_record
TN:
SF:src\Routes\voice.route.js
FNF:0
FNH:0
DA:1,1
DA:2,1
DA:3,1
DA:6,1
DA:8,1
LF:5
LH:5
BRF:0
BRH:0
end_of_record
